<?xml version="1.0" encoding="UTF-8"?>
<testng-results ignored="0" total="1" passed="1" failed="0" skipped="0">
  <reporter-output>
    <line>
      <![CDATA[Login is successfull]]>
    </line>
    <line>
      <![CDATA[Login is successfull]]>
    </line>
  </reporter-output>
  <suite started-at="2023-07-18T15:50:05 PKT" name="Default suite" finished-at="2023-07-18T15:51:27 PKT" duration-ms="82500">
    <groups>
    </groups>
    <test started-at="2023-07-18T15:50:05 PKT" name="Default test" finished-at="2023-07-18T15:51:27 PKT" duration-ms="82500">
      <class name="main.main">
        <test-method is-config="true" signature="launch()[pri:0, instance:main.main@3f6b0be5]" started-at="2023-07-18T15:50:05 PKT" name="launch" finished-at="2023-07-18T15:50:07 PKT" duration-ms="1918" status="PASS">
          <reporter-output>
          </reporter-output>
        </test-method> <!-- launch -->
        <test-method signature="Successfull_Login()[pri:0, instance:main.main@3f6b0be5]" started-at="2023-07-18T15:50:07 PKT" name="Successfull_Login" finished-at="2023-07-18T15:51:27 PKT" duration-ms="80554" status="PASS">
          <reporter-output>
            <line>
              <![CDATA[Login is successfull]]>
            </line>
            <line>
              <![CDATA[Login is successfull]]>
            </line>
          </reporter-output>
        </test-method> <!-- Successfull_Login -->
      </class> <!-- main.main -->
    </test> <!-- Default test -->
  </suite> <!-- Default suite -->
</testng-results>
